{
  "stats": {
    "suites": 2,
    "tests": 1,
    "passes": 1,
    "pending": 0,
    "failures": 0,
    "start": "2017-05-01T16:50:33.304Z",
    "end": "2017-05-01T16:50:33.324Z",
    "duration": 20,
    "testsRegistered": 1,
    "passPercent": 100,
    "pendingPercent": 0,
    "other": 0,
    "hasOther": false,
    "skipped": 0,
    "hasSkipped": false,
    "passPercentClass": "success",
    "pendingPercentClass": "danger"
  },
  "suites": {
    "title": "",
    "suites": [
      {
        "title": "Array",
        "suites": [
          {
            "title": "#indexOf()",
            "suites": [],
            "tests": [
              {
                "title": "should return -1 when the value is not present",
                "fullTitle": "Array #indexOf() should return -1 when the value is not present",
                "timedOut": false,
                "duration": 0,
                "state": "passed",
                "speed": "fast",
                "pass": true,
                "fail": false,
                "pending": false,
                "code": "assert.equal(-1, [1,2,3].indexOf(4));",
                "err": {},
                "isRoot": false,
                "uuid": "51d18f09-d9b5-45d7-b4f7-93480201cc88",
                "parentUUID": "9ebe6a4d-1769-490a-a084-6793923661d7",
                "skipped": false
              }
            ],
            "pending": [],
            "root": false,
            "_timeout": 2000,
            "file": "\\server\\test\\test.js",
            "uuid": "9ebe6a4d-1769-490a-a084-6793923661d7",
            "fullFile": "D:\\buduhuisi\\server\\test\\test.js",
            "passes": [
              {
                "title": "should return -1 when the value is not present",
                "fullTitle": "Array #indexOf() should return -1 when the value is not present",
                "timedOut": false,
                "duration": 0,
                "state": "passed",
                "speed": "fast",
                "pass": true,
                "fail": false,
                "pending": false,
                "code": "assert.equal(-1, [1,2,3].indexOf(4));",
                "err": {},
                "isRoot": false,
                "uuid": "51d18f09-d9b5-45d7-b4f7-93480201cc88",
                "parentUUID": "9ebe6a4d-1769-490a-a084-6793923661d7",
                "skipped": false
              }
            ],
            "failures": [],
            "skipped": [],
            "hasTests": true,
            "hasSuites": false,
            "totalTests": 1,
            "totalPasses": 1,
            "totalFailures": 0,
            "totalPending": 0,
            "totalSkipped": 0,
            "hasPasses": true,
            "hasFailures": false,
            "hasPending": false,
            "hasSkipped": false,
            "duration": 0,
            "rootEmpty": false
          }
        ],
        "tests": [],
        "pending": [],
        "root": false,
        "_timeout": 2000,
        "file": "\\server\\test\\test.js",
        "uuid": "4b74398a-3699-46a7-a844-5ab07855f8f2",
        "fullFile": "D:\\buduhuisi\\server\\test\\test.js",
        "passes": [],
        "failures": [],
        "skipped": [],
        "hasTests": false,
        "hasSuites": true,
        "totalTests": 0,
        "totalPasses": 0,
        "totalFailures": 0,
        "totalPending": 0,
        "totalSkipped": 0,
        "hasPasses": false,
        "hasFailures": false,
        "hasPending": false,
        "hasSkipped": false,
        "duration": 0,
        "rootEmpty": false
      }
    ],
    "tests": [],
    "pending": [],
    "root": true,
    "_timeout": 2000,
    "uuid": "a7ab0cd7-2897-4ce3-ae13-ab7943642ede",
    "fullFile": "",
    "file": "",
    "passes": [],
    "failures": [],
    "skipped": [],
    "hasTests": false,
    "hasSuites": true,
    "totalTests": 0,
    "totalPasses": 0,
    "totalFailures": 0,
    "totalPending": 0,
    "totalSkipped": 0,
    "hasPasses": false,
    "hasFailures": false,
    "hasPending": false,
    "hasSkipped": false,
    "duration": 0,
    "rootEmpty": true
  },
  "allTests": [
    {
      "title": "should return -1 when the value is not present",
      "fullTitle": "#indexOf() should return -1 when the value is not present",
      "timedOut": false,
      "duration": 0,
      "state": "passed",
      "speed": "fast",
      "pass": true,
      "fail": false,
      "pending": false,
      "code": "assert.equal(-1, [1,2,3].indexOf(4));",
      "err": {},
      "isRoot": false,
      "uuid": "51d18f09-d9b5-45d7-b4f7-93480201cc88",
      "parentUUID": "9ebe6a4d-1769-490a-a084-6793923661d7",
      "skipped": false
    }
  ],
  "allPending": [],
  "allPasses": [
    {
      "title": "should return -1 when the value is not present",
      "fullTitle": "#indexOf() should return -1 when the value is not present",
      "timedOut": false,
      "duration": 0,
      "state": "passed",
      "speed": "fast",
      "pass": true,
      "fail": false,
      "pending": false,
      "code": "assert.equal(-1, [1,2,3].indexOf(4));",
      "err": {},
      "isRoot": false,
      "uuid": "51d18f09-d9b5-45d7-b4f7-93480201cc88",
      "parentUUID": "9ebe6a4d-1769-490a-a084-6793923661d7",
      "skipped": false
    }
  ],
  "allFailures": [],
  "copyrightYear": 2017
}